# JRE version: Java(TM) SE Runtime Environment (15.0.1+9) (build 15.0.1+9-18)
# Java VM: Java HotSpot(TM) 64-Bit Server VM (15.0.1+9-18, mixed mode, sharing, tiered, compressed oops, g1 gc, windows-amd64)
GC Precious Log:
 CPUs: 8 total, 8 available
 Memory: 8022M
 Large Page Support: Disabled
 NUMA Support: Disabled
 Compressed Oops: Enabled (32-bit)
 Heap Region Size: 1M
 Heap Min Capacity: 8M
 Heap Initial Capacity: 126M
 Heap Max Capacity: 2006M
 Pre-touch: Disabled
 Parallel Workers: 8
 Concurrent Workers: 2
 Concurrent Refinement Workers: 8
 Periodic GC: Disabled
Heap:
 garbage-first heap   total 58368K, used 30234K [0x0000000082a00000, 0x0000000100000000)
  region size 1024K, 8 young (8192K), 1 survivors (1024K)
 Metaspace       used 59647K, capacity 60065K, committed 60188K, reserved 1101824K
  class space    used 7324K, capacity 7469K, committed 7532K, reserved 1048576K
GC Heap History (20 events):
Event: 5.062 GC heap before
{Heap before GC invocations=7 (full 0):
 garbage-first heap   total 48128K, used 34182K [0x0000000082a00000, 0x0000000100000000)
  region size 1024K, 21 young (21504K), 1 survivors (1024K)
 Metaspace       used 26515K, capacity 26865K, committed 27184K, reserved 1073152K
  class space    used 3239K, capacity 3339K, committed 3456K, reserved 1048576K
}
Event: 5.064 GC heap after
{Heap after GC invocations=8 (full 0):
 garbage-first heap   total 58368K, used 14184K [0x0000000082a00000, 0x0000000100000000)
  region size 1024K, 1 young (1024K), 1 survivors (1024K)
 Metaspace       used 26515K, capacity 26865K, committed 27184K, reserved 1073152K
  class space    used 3239K, capacity 3339K, committed 3456K, reserved 1048576K
}
Event: 5.741 GC heap before
{Heap before GC invocations=8 (full 0):
 garbage-first heap   total 58368K, used 42856K [0x0000000082a00000, 0x0000000100000000)
  region size 1024K, 29 young (29696K), 1 survivors (1024K)
 Metaspace       used 32594K, capacity 32995K, committed 33200K, reserved 1079296K
  class space    used 3945K, capacity 4080K, committed 4096K, reserved 1048576K
}
Event: 5.745 GC heap after
{Heap after GC invocations=9 (full 0):
 garbage-first heap   total 58368K, used 16426K [0x0000000082a00000, 0x0000000100000000)
  region size 1024K, 3 young (3072K), 3 survivors (3072K)
 Metaspace       used 32594K, capacity 32995K, committed 33200K, reserved 1079296K
  class space    used 3945K, capacity 4080K, committed 4096K, reserved 1048576K
}
Event: 6.084 GC heap before
{Heap before GC invocations=9 (full 0):
 garbage-first heap   total 58368K, used 25642K [0x0000000082a00000, 0x0000000100000000)
  region size 1024K, 14 young (14336K), 3 survivors (3072K)
 Metaspace       used 35472K, capacity 35835K, committed 35888K, reserved 1081344K
  class space    used 4336K, capacity 4469K, committed 4480K, reserved 1048576K
}
Event: 6.087 GC heap after
{Heap after GC invocations=10 (full 0):
 garbage-first heap   total 58368K, used 17018K [0x0000000082a00000, 0x0000000100000000)
  region size 1024K, 1 young (1024K), 1 survivors (1024K)
 Metaspace       used 35472K, capacity 35835K, committed 35888K, reserved 1081344K
  class space    used 4336K, capacity 4469K, committed 4480K, reserved 1048576K
}
Event: 7.135 GC heap before
{Heap before GC invocations=11 (full 0):
 garbage-first heap   total 58368K, used 44666K [0x0000000082a00000, 0x0000000100000000)
  region size 1024K, 28 young (28672K), 1 survivors (1024K)
 Metaspace       used 43446K, capacity 43847K, committed 44060K, reserved 1087488K
  class space    used 5542K, capacity 5688K, committed 5740K, reserved 1048576K
}
Event: 7.138 GC heap after
{Heap after GC invocations=12 (full 0):
 garbage-first heap   total 58368K, used 18424K [0x0000000082a00000, 0x0000000100000000)
  region size 1024K, 2 young (2048K), 2 survivors (2048K)
 Metaspace       used 43446K, capacity 43847K, committed 44060K, reserved 1087488K
  class space    used 5542K, capacity 5688K, committed 5740K, reserved 1048576K
}
Event: 7.795 GC heap before
{Heap before GC invocations=12 (full 0):
 garbage-first heap   total 58368K, used 45048K [0x0000000082a00000, 0x0000000100000000)
  region size 1024K, 28 young (28672K), 2 survivors (2048K)
 Metaspace       used 48827K, capacity 49240K, committed 49436K, reserved 1091584K
  class space    used 6322K, capacity 6475K, committed 6508K, reserved 1048576K
}
Event: 7.799 GC heap after
{Heap after GC invocations=13 (full 0):
 garbage-first heap   total 58368K, used 20148K [0x0000000082a00000, 0x0000000100000000)
  region size 1024K, 4 young (4096K), 4 survivors (4096K)
 Metaspace       used 48827K, capacity 49240K, committed 49436K, reserved 1091584K
  class space    used 6322K, capacity 6475K, committed 6508K, reserved 1048576K
}
Event: 8.752 GC heap before
{Heap before GC invocations=13 (full 0):
 garbage-first heap   total 58368K, used 45748K [0x0000000082a00000, 0x0000000100000000)
  region size 1024K, 29 young (29696K), 4 survivors (4096K)
 Metaspace       used 52206K, capacity 52640K, committed 52764K, reserved 1095680K
  class space    used 6767K, capacity 6903K, committed 7020K, reserved 1048576K
}
Event: 8.760 GC heap after
{Heap after GC invocations=14 (full 0):
 garbage-first heap   total 58368K, used 22387K [0x0000000082a00000, 0x0000000100000000)
  region size 1024K, 4 young (4096K), 4 survivors (4096K)
 Metaspace       used 52206K, capacity 52640K, committed 52764K, reserved 1095680K
  class space    used 6767K, capacity 6903K, committed 7020K, reserved 1048576K
}
Event: 544.764 GC heap before
{Heap before GC invocations=14 (full 0):
 garbage-first heap   total 58368K, used 45939K [0x0000000082a00000, 0x0000000100000000)
  region size 1024K, 27 young (27648K), 4 survivors (4096K)
 Metaspace       used 56732K, capacity 57174K, committed 57372K, reserved 1099776K
  class space    used 7278K, capacity 7428K, committed 7532K, reserved 1048576K
}
Event: 544.770 GC heap after
{Heap after GC invocations=15 (full 0):
 garbage-first heap   total 58368K, used 23678K [0x0000000082a00000, 0x0000000100000000)
  region size 1024K, 2 young (2048K), 2 survivors (2048K)
 Metaspace       used 56732K, capacity 57174K, committed 57372K, reserved 1099776K
  class space    used 7278K, capacity 7428K, committed 7532K, reserved 1048576K
}
Event: 1451.996 GC heap before
{Heap before GC invocations=15 (full 0):
 garbage-first heap   total 58368K, used 45182K [0x0000000082a00000, 0x0000000100000000)
  region size 1024K, 23 young (23552K), 2 survivors (2048K)
 Metaspace       used 58491K, capacity 58977K, committed 59164K, reserved 1101824K
  class space    used 7323K, capacity 7469K, committed 7532K, reserved 1048576K
}
Event: 1452.016 GC heap after
{Heap after GC invocations=16 (full 0):
 garbage-first heap   total 58368K, used 23937K [0x0000000082a00000, 0x0000000100000000)
  region size 1024K, 2 young (2048K), 2 survivors (2048K)
 Metaspace       used 58491K, capacity 58977K, committed 59164K, reserved 1101824K
  class space    used 7323K, capacity 7469K, committed 7532K, reserved 1048576K
}
Event: 1457.226 GC heap before
{Heap before GC invocations=16 (full 0):
 garbage-first heap   total 58368K, used 46465K [0x0000000082a00000, 0x0000000100000000)
  region size 1024K, 24 young (24576K), 2 survivors (2048K)
 Metaspace       used 59544K, capacity 60001K, committed 60188K, reserved 1101824K
  class space    used 7324K, capacity 7469K, committed 7532K, reserved 1048576K
}
Event: 1457.236 GC heap after
{Heap after GC invocations=17 (full 0):
 garbage-first heap   total 58368K, used 24103K [0x0000000082a00000, 0x0000000100000000)
  region size 1024K, 1 young (1024K), 1 survivors (1024K)
 Metaspace       used 59544K, capacity 60001K, committed 60188K, reserved 1101824K
  class space    used 7324K, capacity 7469K, committed 7532K, reserved 1048576K
}
Event: 1461.009 GC heap before
{Heap before GC invocations=17 (full 0):
 garbage-first heap   total 58368K, used 46631K [0x0000000082a00000, 0x0000000100000000)
  region size 1024K, 23 young (23552K), 1 survivors (1024K)
 Metaspace       used 59623K, capacity 60065K, committed 60188K, reserved 1101824K
  class space    used 7324K, capacity 7469K, committed 7532K, reserved 1048576K
}
Event: 1461.013 GC heap after
{Heap after GC invocations=18 (full 0):
 garbage-first heap   total 58368K, used 24090K [0x0000000082a00000, 0x0000000100000000)
  region size 1024K, 1 young (1024K), 1 survivors (1024K)
 Metaspace       used 59623K, capacity 60065K, committed 60188K, reserved 1101824K
  class space    used 7324K, capacity 7469K, committed 7532K, reserved 1048576K
}

